C51 COMPILER V9.01   DELAY                                                                 05/14/2017 21:17:18 PAGE 1   


C51 COMPILER V9.01, COMPILATION OF MODULE DELAY
OBJECT MODULE PLACED IN delay.OBJ
COMPILER INVOKED BY: D:\CSJ\keil_51\C51\BIN\C51.EXE delay.c LARGE OMF2 BROWSE DEBUG

line level    source

   1          #include <reg52.h>
   2          #include <delay.h>
   3          void delay_1ms(uint z)
   4          {
   5   1              uint x,y;
   6   1              for(x=z;x>0;x--)
   7   1                      for(y=110;y>0;y--);     
   8   1      }
   9          void delay_100us(uint t)
  10          {
  11   1              uint i,j;
  12   1              for(i=0; i<t;  i++)
  13   1          for(j=0; j<10; j++);
  14   1      }


MODULE INFORMATION:   STATIC OVERLAYABLE
   CODE SIZE        =     62    ----
   CONSTANT SIZE    =   ----    ----
   XDATA SIZE       =   ----    ----
   PDATA SIZE       =   ----    ----
   DATA SIZE        =   ----    ----
   IDATA SIZE       =   ----    ----
   BIT SIZE         =   ----    ----
   EDATA SIZE       =   ----    ----
   HDATA SIZE       =   ----    ----
   XDATA CONST SIZE =   ----    ----
   FAR CONST SIZE   =   ----    ----
END OF MODULE INFORMATION.


C51 COMPILATION COMPLETE.  0 WARNING(S),  0 ERROR(S)
