C51 COMPILER V9.01   HCSR04                                                                05/14/2017 21:17:18 PAGE 1   


C51 COMPILER V9.01, COMPILATION OF MODULE HCSR04
OBJECT MODULE PLACED IN hcsr04.OBJ
COMPILER INVOKED BY: D:\CSJ\keil_51\C51\BIN\C51.EXE hcsr04.c LARGE OMF2 BROWSE DEBUG

line level    source

   1          #include <reg52.h>
   2          #include "intrins.h"
   3          #include <delay.h>
   4          #include <hcsr04.h>
   5          #include <STDIO.H>
   6          unsigned int  time =0;
   7          unsigned int  timer=0;
   8          float            S =0;
   9          bit        flag_hc =0;
  10          void init_hc()
  11          {
  12   1              TMOD=0x21;                 //设T0为方式1，GATE=1；
  13   1              SCON=0x50;
  14   1              TH1=0xFD;
  15   1              TL1=0xFD;
  16   1              TH0=0;
  17   1              TL0=0; 
  18   1              TR0=1;  
  19   1              ET0=1;             //允许T0中断
  20   1              TR1=1;                     //开启定时器
  21   1              TI=1;
  22   1              //EA=1;                    //开启总中断
  23   1      }
  24          float Conut(void)
  25          {
  26   1               time=TH0*256+TL0;
  27   1               TH0=0;
  28   1               TL0=0;
  29   1               S=(time*1.87)/100;     //算出来是CM（最终结果）
  30   1               if(flag_hc==1)             //超出测量
  31   1               {
  32   2                flag_hc=0;
  33   2                printf("-----\n"); 
  34   2               }
  35   1               //printf("S=%f\n",S); 
  36   1               return S; 
  37   1      }
  38                  
  39          void  StartModule()                      //T1中断用来扫描数码管和计800MS启动模块
  40           {
  41   1                TX=1;                                  //800MS  启动一次模块
  42   1                _nop_(); 
  43   1                _nop_(); 
  44   1                _nop_(); 
  45   1                _nop_(); 
  46   1                _nop_(); 
  47   1                _nop_(); 
  48   1                _nop_(); 
  49   1                _nop_(); 
  50   1                _nop_(); 
  51   1                _nop_(); 
  52   1                _nop_(); 
  53   1                _nop_(); 
  54   1                _nop_(); 
  55   1                _nop_(); 
C51 COMPILER V9.01   HCSR04                                                                05/14/2017 21:17:18 PAGE 2   

  56   1                _nop_(); 
  57   1                _nop_(); 
  58   1                _nop_();
  59   1                _nop_(); 
  60   1                _nop_(); 
  61   1                _nop_(); 
  62   1                _nop_();
  63   1                TX=0;
  64   1       }
  65          float hcsr04_once()//测量一次距离
  66          {
  67   1               StartModule();
  68   1               while(!RX);            //当RX为零时等待
  69   1               TR0=1;                     //开启计数
  70   1               while(RX);                     //当RX为1计数并等待
  71   1               TR0=0;                         //关闭计数
  72   1               return Conut();                        //计算
  73   1      }


MODULE INFORMATION:   STATIC OVERLAYABLE
   CODE SIZE        =    162    ----
   CONSTANT SIZE    =      7    ----
   XDATA SIZE       =      8    ----
   PDATA SIZE       =   ----    ----
   DATA SIZE        =   ----    ----
   IDATA SIZE       =   ----    ----
   BIT SIZE         =      1    ----
   EDATA SIZE       =   ----    ----
   HDATA SIZE       =   ----    ----
   XDATA CONST SIZE =   ----    ----
   FAR CONST SIZE   =   ----    ----
END OF MODULE INFORMATION.


C51 COMPILATION COMPLETE.  0 WARNING(S),  0 ERROR(S)
