C51 COMPILER V9.01   ISD4004                                                               05/14/2017 21:17:18 PAGE 1   


C51 COMPILER V9.01, COMPILATION OF MODULE ISD4004
OBJECT MODULE PLACED IN isd4004.OBJ
COMPILER INVOKED BY: D:\CSJ\keil_51\C51\BIN\C51.EXE isd4004.c LARGE OMF2 BROWSE DEBUG

line level    source

   1          #include <reg52.h>
   2          #include "intrins.h"
   3          #include <delay.h>
   4          #include <isd4004.h>
   5          bit playbit,recbit;     //定义两个位变量，放音和录音位
   6          uchar playcout,reccout;  //放音和录音次数。     
   7          ////////////////放音部分子程序，放音地址由ADDR决定////
   8          void play(uint addr)
   9           {      uint y;
  10   1              SS=0;
  11   1              MOSI=0;//发送开始
  12   1              SCLK=0;
  13   1              for(y=0;y<8;y++)
  14   1              {
  15   2                      SCLK=0;
  16   2                      if((0x20>>y)&0x01)MOSI=1;
  17   2                      else MOSI=0;
  18   2                      _nop_();
  19   2                      _nop_();
  20   2                      _nop_();
  21   2                      SCLK=1;
  22   2                      _nop_();
  23   2                      _nop_();
  24   2                      _nop_();
  25   2              }//发送结束
  26   1              SS=1;//上电结束
  27   1              delay_1ms(50);
  28   1              SS=0;
  29   1              MOSI=0;//发送地址
  30   1              SCLK=0;
  31   1              for(y=0;y<16;y++)
  32   1              {
  33   2                      SCLK=0;
  34   2                      if((addr>>y)&0x01)MOSI=1;
  35   2                      else MOSI=0;
  36   2                      _nop_();
  37   2                      _nop_();
  38   2                      _nop_();
  39   2                      SCLK=1;
  40   2                      _nop_();
  41   2                      _nop_();
  42   2                      _nop_();
  43   2              }//发送地址结束
  44   1              MOSI=0;//放音
  45   1              SCLK=0;
  46   1              for(y=0;y<8;y++)
  47   1              {
  48   2                      SCLK=0;
  49   2                      if((0xe0>>y)&0x01)MOSI=1;
  50   2                      else MOSI=0;
  51   2                      _nop_();
  52   2                      _nop_();
  53   2                      _nop_();
  54   2                      SCLK=1;
  55   2                      _nop_();
C51 COMPILER V9.01   ISD4004                                                               05/14/2017 21:17:18 PAGE 2   

  56   2                      _nop_();
  57   2                      _nop_();
  58   2              }
  59   1              SS=1;
  60   1              SS=0;
  61   1              MOSI=0;//放音
  62   1              SCLK=0;
  63   1              for(y=0;y<8;y++)
  64   1              {
  65   2                      SCLK=0;
  66   2                      if((0xf0>>y)&0x01)MOSI=1;
  67   2                      else MOSI=0;
  68   2                      _nop_();
  69   2                      _nop_();
  70   2                      _nop_();
  71   2                      SCLK=1;
  72   2                      _nop_();
  73   2                      _nop_();
  74   2                      _nop_();
  75   2              }
  76   1              SS=1;     }     


MODULE INFORMATION:   STATIC OVERLAYABLE
   CODE SIZE        =    254    ----
   CONSTANT SIZE    =   ----    ----
   XDATA SIZE       =      2       2
   PDATA SIZE       =   ----    ----
   DATA SIZE        =   ----    ----
   IDATA SIZE       =   ----    ----
   BIT SIZE         =      2    ----
   EDATA SIZE       =   ----    ----
   HDATA SIZE       =   ----    ----
   XDATA CONST SIZE =   ----    ----
   FAR CONST SIZE   =   ----    ----
END OF MODULE INFORMATION.


C51 COMPILATION COMPLETE.  0 WARNING(S),  0 ERROR(S)
