C51 COMPILER V9.01   KEY                                                                   03/14/2017 21:21:54 PAGE 1   


C51 COMPILER V9.01, COMPILATION OF MODULE KEY
OBJECT MODULE PLACED IN key.OBJ
COMPILER INVOKED BY: D:\CSJ\keil_51\C51\BIN\C51.EXE key.c LARGE BROWSE DEBUG OBJECTEXTEND

line level    source

   1          #include <reg52.h>
   2          #include <intrins.h>
   3          #include <delay.h>
   4          #include <key.h>
   5          
   6          
   7           uchar key;
   8          uchar key_input()//返回按得哪个键（0,1,2,3,4）
   9          {
  10   1              if(key0==0)
  11   1                      delay_1ms(10);
  12   1                      if(key0==0)
  13   1                      {
  14   2                              key=0;
  15   2                              while(!key0);
  16   2                      }
  17   1              else if(key1==0)
  18   1                      delay_1ms(10);
  19   1                      if(key1==0)
  20   1                      {
  21   2                              key=1;
  22   2                              while(!key1);
  23   2                      }
  24   1              else if(key2==0)
  25   1                      delay_1ms(10);
  26   1                      if(key2==0)
  27   1                      {
  28   2                              key=2;
  29   2                              while(!key2);
  30   2                      }
  31   1              else if(key3==0)
  32   1                      delay_1ms(10);
  33   1                      if(key3==0)
  34   1                      {
  35   2                              key=3;
  36   2                              while(!key3);
  37   2                      }       
  38   1              else if(key4==0)
  39   1                      delay_1ms(10);
  40   1                      if(key4==0)
  41   1                      {
  42   2                              key=4;
  43   2                              while(!key4);
  44   2                      }       
  45   1                      return key;
  46   1      }


MODULE INFORMATION:   STATIC OVERLAYABLE
   CODE SIZE        =    123    ----
   CONSTANT SIZE    =   ----    ----
   XDATA SIZE       =      1    ----
   PDATA SIZE       =   ----    ----
   DATA SIZE        =   ----    ----
   IDATA SIZE       =   ----    ----
C51 COMPILER V9.01   KEY                                                                   03/14/2017 21:21:54 PAGE 2   

   BIT SIZE         =   ----    ----
END OF MODULE INFORMATION.


C51 COMPILATION COMPLETE.  0 WARNING(S),  0 ERROR(S)
