C51 COMPILER V9.01   LCD1602                                                               04/25/2017 10:53:56 PAGE 1   


C51 COMPILER V9.01, COMPILATION OF MODULE LCD1602
OBJECT MODULE PLACED IN LCD1602.OBJ
COMPILER INVOKED BY: D:\CSJ\keil_51\C51\BIN\C51.EXE LCD1602.c LARGE OMF2 BROWSE DEBUG

line level    source

   1          #include <reg52.h>
   2          #include "intrins.h"
   3          #include <delay.h>
   4          #include <LCD1602.h>
   5          void write_com_1602(uchar com)
   6          {
   7   1              rs=0;
   8   1              P0=com;
   9   1              delay_1ms(5);
  10   1              lcden=1;
  11   1              delay_1ms(5);
  12   1              lcden=0;
  13   1      }
  14          void write_data_1602(uchar data1)
  15          {
  16   1              rs=1;
  17   1              P0=data1;
  18   1              delay_1ms(5);
  19   1              lcden=1;
  20   1              delay_1ms(5);
  21   1              lcden=0;
  22   1      }
  23          void init()
  24          {
  25   1              lcden=0;
  26   1              write_com_1602(0x38);
  27   1              write_com_1602(0x0c);
  28   1              write_com_1602(0x06);
  29   1              write_com_1602(0x01);
  30   1              write_com_1602(0x80+0x10);//Œª÷√
  31   1      }


MODULE INFORMATION:   STATIC OVERLAYABLE
   CODE SIZE        =     73    ----
   CONSTANT SIZE    =   ----    ----
   XDATA SIZE       =   ----    ----
   PDATA SIZE       =   ----    ----
   DATA SIZE        =   ----    ----
   IDATA SIZE       =   ----    ----
   BIT SIZE         =   ----    ----
   EDATA SIZE       =   ----    ----
   HDATA SIZE       =   ----    ----
   XDATA CONST SIZE =   ----    ----
   FAR CONST SIZE   =   ----    ----
END OF MODULE INFORMATION.


C51 COMPILATION COMPLETE.  0 WARNING(S),  0 ERROR(S)
