C51 COMPILER V9.52.0.0   MOTOR                                                             03/05/2017 10:22:30 PAGE 1   


C51 COMPILER V9.52.0.0, COMPILATION OF MODULE MOTOR
OBJECT MODULE PLACED IN motor.OBJ
COMPILER INVOKED BY: C:\Keil_v5\C51\BIN\C51.EXE motor.c LARGE BROWSE DEBUG OBJECTEXTEND TABS(2)

line level    source

   1          #include <reg52.h>
   2          #include <delay.h>
   3          #include <motor.h>
   4          unsigned char code F_Rotation[4]={0x02,0x04,0x08,0x10};//正转
   5          unsigned char code B_Rotation[4]={0x10,0x08,0x040,0x02};//反转
   6          void motor_zz()
   7          {
   8   1        uint i;
   9   1        for(i=0;i<4;i++)
  10   1          {
  11   2            P1=F_Rotation[i]; 
  12   2            delay_1ms(200);
  13   2          }
  14   1      }
  15          void motor_fz()
  16          {
  17   1        uint i;
  18   1        for(i=0;i<4;i++)
  19   1          {
  20   2            P1=B_Rotation[i]; 
  21   2            delay_1ms(200);
  22   2          }
  23   1      }


MODULE INFORMATION:   STATIC OVERLAYABLE
   CODE SIZE        =    122    ----
   CONSTANT SIZE    =      8    ----
   XDATA SIZE       =   ----       4
   PDATA SIZE       =   ----    ----
   DATA SIZE        =   ----    ----
   IDATA SIZE       =   ----    ----
   BIT SIZE         =   ----    ----
END OF MODULE INFORMATION.


C51 COMPILATION COMPLETE.  0 WARNING(S),  0 ERROR(S)
