Removed Pin From Net: NetName=P23 Pin=LCD1-1
Removed Pin From Net: NetName=Q7 Pin=RP1-9
Removed Pin From Net: NetName=Q6 Pin=RP1-10
Removed Pin From Net: NetName=Q5 Pin=RP1-11
Removed Pin From Net: NetName=Q4 Pin=RP1-12
Removed Pin From Net: NetName=Q3 Pin=RP1-13
Removed Pin From Net: NetName=Q2 Pin=RP1-14
Removed Pin From Net: NetName=Q1 Pin=RP1-15
Removed Pin From Net: NetName=Q0 Pin=RP1-16
Removed Member From Class: ClassName=Smart WC Member=RP1
Added Pin To Net: NetName=P23 Pin=LCD1-1
Added Pin To Net: NetName=P24 Pin=LCD1-1
Added Pin To Net: NetName=P25 Pin=LCD1-1
Added Pin To Net: NetName=P26 Pin=LCD1-1
Added Pin To Net: NetName=VCC Pin=LCD1-2
Added Pin To Net: NetName=VCC Pin=LCD1-2
Added Pin To Net: NetName=VCC Pin=LCD1-2
Added Pin To Net: NetName=VO Pin=LCD1-3
Added Pin To Net: NetName=VO Pin=LCD1-3
Added Pin To Net: NetName=VO Pin=LCD1-3
Added Pin To Net: NetName=P22 Pin=LCD1-4
Added Pin To Net: NetName=P22 Pin=LCD1-4
Added Pin To Net: NetName=P22 Pin=LCD1-4
Added Pin To Net: NetName=P21 Pin=LCD1-5
Added Pin To Net: NetName=P21 Pin=LCD1-5
Added Pin To Net: NetName=P21 Pin=LCD1-5
Added Pin To Net: NetName=P20 Pin=LCD1-6
Added Pin To Net: NetName=P20 Pin=LCD1-6
Added Pin To Net: NetName=P20 Pin=LCD1-6
Added Pin To Net: NetName=Q0 Pin=LCD1-7
Added Pin To Net: NetName=Q0 Pin=LCD1-7
Added Pin To Net: NetName=Q0 Pin=LCD1-7
Added Pin To Net: NetName=Q0 Pin=LCD1-7
Added Pin To Net: NetName=Q1 Pin=LCD1-8
Added Pin To Net: NetName=Q1 Pin=LCD1-8
Added Pin To Net: NetName=Q1 Pin=LCD1-8
Added Pin To Net: NetName=Q1 Pin=LCD1-8
Added Pin To Net: NetName=Q2 Pin=LCD1-9
Added Pin To Net: NetName=Q2 Pin=LCD1-9
Added Pin To Net: NetName=Q2 Pin=LCD1-9
Added Pin To Net: NetName=Q2 Pin=LCD1-9
Added Pin To Net: NetName=Q3 Pin=LCD1-10
Added Pin To Net: NetName=Q3 Pin=LCD1-10
Added Pin To Net: NetName=Q3 Pin=LCD1-10
Added Pin To Net: NetName=Q3 Pin=LCD1-10
Added Pin To Net: NetName=Q4 Pin=LCD1-11
Added Pin To Net: NetName=Q4 Pin=LCD1-11
Added Pin To Net: NetName=Q4 Pin=LCD1-11
Added Pin To Net: NetName=Q4 Pin=LCD1-11
Added Pin To Net: NetName=Q5 Pin=LCD1-12
Added Pin To Net: NetName=Q5 Pin=LCD1-12
Added Pin To Net: NetName=Q5 Pin=LCD1-12
Added Pin To Net: NetName=Q5 Pin=LCD1-12
Added Pin To Net: NetName=Q6 Pin=LCD1-13
Added Pin To Net: NetName=Q6 Pin=LCD1-13
Added Pin To Net: NetName=Q6 Pin=LCD1-13
Added Pin To Net: NetName=Q6 Pin=LCD1-13
Added Pin To Net: NetName=Q7 Pin=LCD1-14
Added Pin To Net: NetName=Q7 Pin=LCD1-14
Added Pin To Net: NetName=Q7 Pin=LCD1-14
Added Pin To Net: NetName=Q7 Pin=LCD1-14
Added Pin To Net: NetName=VCC Pin=LCD1-15
Added Pin To Net: NetName=VCC Pin=LCD1-15
Added Pin To Net: NetName=VCC Pin=LCD1-15
Added Pin To Net: NetName=GND Pin=LCD1-16
Added Pin To Net: NetName=GND Pin=LCD1-16
Added Pin To Net: NetName=GND Pin=LCD1-16
Added Room: Name=Smart WC
