Removed Pin From Net: NetName=Q0 Pin=RP1-1
Removed Pin From Net: NetName=Q1 Pin=RP1-2
Removed Pin From Net: NetName=Q2 Pin=RP1-3
Removed Pin From Net: NetName=Q3 Pin=RP1-4
Removed Pin From Net: NetName=Q4 Pin=RP1-5
Removed Pin From Net: NetName=Q5 Pin=RP1-6
Removed Pin From Net: NetName=Q6 Pin=RP1-7
Removed Pin From Net: NetName=Q7 Pin=RP1-8
Removed Pin From Net: NetName=NetLCD1_14 Pin=RP1-9
Removed Pin From Net: NetName=NetLCD1_13 Pin=RP1-10
Removed Pin From Net: NetName=NetLCD1_12 Pin=RP1-11
Removed Pin From Net: NetName=NetLCD1_11 Pin=RP1-12
Removed Pin From Net: NetName=NetLCD1_10 Pin=RP1-13
Removed Pin From Net: NetName=NetLCD1_9 Pin=RP1-14
Removed Pin From Net: NetName=NetLCD1_8 Pin=RP1-15
Removed Pin From Net: NetName=NetLCD1_7 Pin=RP1-16
Added Pin To Net: NetName=NetLCD1_14 Pin=RP1-1
Added Pin To Net: NetName=NetLCD1_13 Pin=RP1-2
Added Pin To Net: NetName=NetLCD1_12 Pin=RP1-3
Added Pin To Net: NetName=NetLCD1_11 Pin=RP1-4
Added Pin To Net: NetName=NetLCD1_10 Pin=RP1-5
Added Pin To Net: NetName=NetLCD1_9 Pin=RP1-6
Added Pin To Net: NetName=NetLCD1_8 Pin=RP1-7
Added Pin To Net: NetName=NetLCD1_7 Pin=RP1-8
Added Pin To Net: NetName=Q0 Pin=RP1-9
Added Pin To Net: NetName=Q1 Pin=RP1-10
Added Pin To Net: NetName=Q2 Pin=RP1-11
Added Pin To Net: NetName=Q3 Pin=RP1-12
Added Pin To Net: NetName=Q4 Pin=RP1-13
Added Pin To Net: NetName=Q5 Pin=RP1-14
Added Pin To Net: NetName=Q6 Pin=RP1-15
Added Pin To Net: NetName=Q7 Pin=RP1-16
Added Room: Name=Smart WC
