Change Component DesignItemId : Designator=J1 Old DesignItemId= New DesignItemId=20
Change Component DesignItemId : Designator=J2 Old DesignItemId= New DesignItemId=20
Change Component DesignItemId : Designator=CAP1 Old DesignItemId= New DesignItemId=CAP
Change Component DesignItemId : Designator=CAP2 Old DesignItemId= New DesignItemId=CAP
Change Component DesignItemId : Designator=XTAL Old DesignItemId= New DesignItemId=CRY
Change Component DesignItemId : Designator=10k Old DesignItemId= New DesignItemId=RE
Change Component DesignItemId : Designator=S1 Old DesignItemId= New DesignItemId=微动开关
Change Component DesignItemId : Designator= Old DesignItemId=AT89S5X New DesignItemId=AT
Added Component: Designator=74hc573(DIP20)
Added Component: Designator=LCD1(1602LCD)
Added Component: Designator=R1(VR)
Added Component: Designator=RES PACK-8(SIP9)
Added Component: Designator=RP1(DIP16)
Added Pin To Net: NetName=VCC Pin=74hc573-1
Added Pin To Net: NetName=P00 Pin=74hc573-2
Added Pin To Net: NetName=P01 Pin=74hc573-3
Added Pin To Net: NetName=P02 Pin=74hc573-4
Added Pin To Net: NetName=P03 Pin=74hc573-5
Added Pin To Net: NetName=P04 Pin=74hc573-6
Added Pin To Net: NetName=P05 Pin=74hc573-7
Added Pin To Net: NetName=P06 Pin=74hc573-8
Added Pin To Net: NetName=P07 Pin=74hc573-9
Added Pin To Net: NetName=GND Pin=74hc573-10
Added Pin To Net: NetName=VCC Pin=74hc573-11
Added Pin To Net: NetName=P27 Pin=74hc573-20
Added Pin To Net: NetName=P23 Pin=LCD1-1
Added Pin To Net: NetName=VCC Pin=LCD1-2
Added Pin To Net: NetName=P22 Pin=LCD1-4
Added Pin To Net: NetName=P21 Pin=LCD1-5
Added Pin To Net: NetName=P20 Pin=LCD1-6
Added Pin To Net: NetName=VCC Pin=LCD1-15
Added Pin To Net: NetName=GND Pin=LCD1-16
Added Pin To Net: NetName=GND Pin=R1-1
Added Pin To Net: NetName=VCC Pin=R1-2
Added Pin To Net: NetName=VCC Pin=RES PACK-8-1
Added Pin To Net: NetName=P00 Pin=RES PACK-8-2
Added Pin To Net: NetName=P01 Pin=RES PACK-8-3
Added Pin To Net: NetName=P02 Pin=RES PACK-8-4
Added Pin To Net: NetName=P03 Pin=RES PACK-8-5
Added Pin To Net: NetName=P04 Pin=RES PACK-8-6
Added Pin To Net: NetName=P05 Pin=RES PACK-8-7
Added Pin To Net: NetName=P06 Pin=RES PACK-8-8
Added Pin To Net: NetName=P07 Pin=RES PACK-8-9
Added Pin To Net: NetName=NetLCD1_7 Pin=LCD1-7
Added Pin To Net: NetName=NetLCD1_7 Pin=RP1-16
Added Net: Name=NetLCD1_7
Added Pin To Net: NetName=NetLCD1_8 Pin=LCD1-8
Added Pin To Net: NetName=NetLCD1_8 Pin=RP1-15
Added Net: Name=NetLCD1_8
Added Pin To Net: NetName=NetLCD1_9 Pin=LCD1-9
Added Pin To Net: NetName=NetLCD1_9 Pin=RP1-14
Added Net: Name=NetLCD1_9
Added Pin To Net: NetName=NetLCD1_10 Pin=LCD1-10
Added Pin To Net: NetName=NetLCD1_10 Pin=RP1-13
Added Net: Name=NetLCD1_10
Added Pin To Net: NetName=NetLCD1_11 Pin=LCD1-11
Added Pin To Net: NetName=NetLCD1_11 Pin=RP1-12
Added Net: Name=NetLCD1_11
Added Pin To Net: NetName=NetLCD1_12 Pin=LCD1-12
Added Pin To Net: NetName=NetLCD1_12 Pin=RP1-11
Added Net: Name=NetLCD1_12
Added Pin To Net: NetName=NetLCD1_13 Pin=LCD1-13
Added Pin To Net: NetName=NetLCD1_13 Pin=RP1-10
Added Net: Name=NetLCD1_13
Added Pin To Net: NetName=NetLCD1_14 Pin=LCD1-14
Added Pin To Net: NetName=NetLCD1_14 Pin=RP1-9
Added Net: Name=NetLCD1_14
Added Pin To Net: NetName=Q0 Pin=74hc573-12
Added Pin To Net: NetName=Q0 Pin=RP1-1
Added Net: Name=Q0
Added Pin To Net: NetName=Q1 Pin=74hc573-13
Added Pin To Net: NetName=Q1 Pin=RP1-2
Added Net: Name=Q1
Added Pin To Net: NetName=Q2 Pin=74hc573-14
Added Pin To Net: NetName=Q2 Pin=RP1-3
Added Net: Name=Q2
Added Pin To Net: NetName=Q3 Pin=74hc573-15
Added Pin To Net: NetName=Q3 Pin=RP1-4
Added Net: Name=Q3
Added Pin To Net: NetName=Q4 Pin=74hc573-16
Added Pin To Net: NetName=Q4 Pin=RP1-5
Added Net: Name=Q4
Added Pin To Net: NetName=Q5 Pin=74hc573-17
Added Pin To Net: NetName=Q5 Pin=RP1-6
Added Net: Name=Q5
Added Pin To Net: NetName=Q6 Pin=74hc573-18
Added Pin To Net: NetName=Q6 Pin=RP1-7
Added Net: Name=Q6
Added Pin To Net: NetName=Q7 Pin=74hc573-19
Added Pin To Net: NetName=Q7 Pin=RP1-8
Added Net: Name=Q7
Added Pin To Net: NetName=VO Pin=LCD1-3
Added Pin To Net: NetName=VO Pin=R1-3
Added Net: Name=VO
Added Member To Class: ClassName=Smart WC Member=Component 10k RES
Added Member To Class: ClassName=Smart WC Member=Component 74hc573
Added Member To Class: ClassName=Smart WC Member=Component CAP1 30pf
Added Member To Class: ClassName=Smart WC Member=Component CAP2 30pf
Added Member To Class: ClassName=Smart WC Member=Component J1 20PIN
Added Member To Class: ClassName=Smart WC Member=Component J2 20PIN
Added Member To Class: ClassName=Smart WC Member=Component LCD1 LCD1602
Added Member To Class: ClassName=Smart WC Member=Component R1 滑动变阻器
Added Member To Class: ClassName=Smart WC Member=Component RES PACK-8 上拉电阻
Added Member To Class: ClassName=Smart WC Member=Component RP1 RESPACK4
Added Member To Class: ClassName=Smart WC Member=Component S1 复位开关
Added Member To Class: ClassName=Smart WC Member=Component  AT89S5X
Added Member To Class: ClassName=Smart WC Member=Component XTAL 11.0592MHz
Added Room: Name=Smart WC
